<?xml version="1.0" encoding="UTF-8"?>
<!-- Generated by org.testng.reporters.JUnitReportReporter -->
<testsuite hostname="Bunny---HP9919" failures="0" tests="1" name="com.shoppersStack_TestScripts.Verify_User_Is_Able_To_Delete_Address_Test" time="46.139" errors="0" timestamp="2024-05-05T10:00:14 IST" skipped="0">
  <testcase classname="com.shoppersStack_TestScripts.Verify_User_Is_Able_To_Delete_Address_Test" name="deleteAddress" time="46.139"/>
</testsuite> <!-- com.shoppersStack_TestScripts.Verify_User_Is_Able_To_Delete_Address_Test -->
