<?xml version="1.0" encoding="UTF-8"?>
<!-- Generated by org.testng.reporters.JUnitReportReporter -->
<testsuite hostname="Bunny---HP9919" failures="0" tests="1" name="com.shoppersStack_TestScripts.Verify_user_is_able_to_add_address_Test" time="14.507" errors="0" timestamp="2024-05-05T10:51:23 IST" skipped="0">
  <testcase classname="com.shoppersStack_TestScripts.Verify_user_is_able_to_add_address_Test" name="addAddress" time="14.507"/>
</testsuite> <!-- com.shoppersStack_TestScripts.Verify_user_is_able_to_add_address_Test -->
